# JRE version: Java(TM) SE Runtime Environment (8.0_60-b27) (build 1.8.0_60-b27)
# Java VM: Java HotSpot(TM) 64-Bit Server VM (25.60-b23 mixed mode windows-amd64 compressed oops)
Heap:
 PSYoungGen      total 476160K, used 300928K [0x00000000d5f00000, 0x00000000f5080000, 0x0000000100000000)
  eden space 475648K, 63% used [0x00000000d5f00000,0x00000000e84e0310,0x00000000f2f80000)
  from space 512K, 0% used [0x00000000f2f80000,0x00000000f2f80000,0x00000000f3000000)
  to   space 16896K, 0% used [0x00000000f4000000,0x00000000f4000000,0x00000000f5080000)
 ParOldGen       total 116736K, used 82810K [0x0000000081c00000, 0x0000000088e00000, 0x00000000d5f00000)
  object space 116736K, 70% used [0x0000000081c00000,0x0000000086cdebd0,0x0000000088e00000)
 Metaspace       used 100992K, capacity 102646K, committed 102912K, reserved 1134592K
  class space    used 16826K, capacity 17328K, committed 17408K, reserved 1048576K
GC Heap History (10 events):
Event: 4106.275 GC heap before
{Heap before GC invocations=330 (full 139):
 PSYoungGen      total 476160K, used 96K [0x00000000d5f00000, 0x00000000f5380000, 0x0000000100000000)
  eden space 475648K, 0% used [0x00000000d5f00000,0x00000000d5f00000,0x00000000f2f80000)
  from space 512K, 18% used [0x00000000f2f80000,0x00000000f2f98000,0x00000000f3000000)
  to   space 18432K, 0% used [0x00000000f4180000,0x00000000f4180000,0x00000000f5380000)
 ParOldGen       total 116736K, used 84120K [0x0000000081c00000, 0x0000000088e00000, 0x00000000d5f00000)
  object space 116736K, 72% used [0x0000000081c00000,0x0000000086e26140,0x0000000088e00000)
 Metaspace       used 100577K, capacity 102246K, committed 102400K, reserved 1134592K
  class space    used 16774K, capacity 17280K, committed 17408K, reserved 1048576K
Event: 4106.466 GC heap after
Heap after GC invocations=330 (full 139):
 PSYoungGen      total 476160K, used 0K [0x00000000d5f00000, 0x00000000f5380000, 0x0000000100000000)
  eden space 475648K, 0% used [0x00000000d5f00000,0x00000000d5f00000,0x00000000f2f80000)
  from space 512K, 0% used [0x00000000f2f80000,0x00000000f2f80000,0x00000000f3000000)
  to   space 18432K, 0% used [0x00000000f4180000,0x00000000f4180000,0x00000000f5380000)
 ParOldGen       total 116736K, used 82221K [0x0000000081c00000, 0x0000000088e00000, 0x00000000d5f00000)
  object space 116736K, 70% used [0x0000000081c00000,0x0000000086c4b628,0x0000000088e00000)
 Metaspace       used 100577K, capacity 102246K, committed 102400K, reserved 1134592K
  class space    used 16774K, capacity 17280K, committed 17408K, reserved 1048576K
}
Event: 4166.200 GC heap before
{Heap before GC invocations=331 (full 139):
 PSYoungGen      total 476160K, used 398176K [0x00000000d5f00000, 0x00000000f5380000, 0x0000000100000000)
  eden space 475648K, 83% used [0x00000000d5f00000,0x00000000ee3d83d8,0x00000000f2f80000)
  from space 512K, 0% used [0x00000000f2f80000,0x00000000f2f80000,0x00000000f3000000)
  to   space 18432K, 0% used [0x00000000f4180000,0x00000000f4180000,0x00000000f5380000)
 ParOldGen       total 116736K, used 82221K [0x0000000081c00000, 0x0000000088e00000, 0x00000000d5f00000)
  object space 116736K, 70% used [0x0000000081c00000,0x0000000086c4b628,0x0000000088e00000)
 Metaspace       used 100654K, capacity 102336K, committed 102656K, reserved 1134592K
  class space    used 16784K, capacity 17290K, committed 17408K, reserved 1048576K
Event: 4166.206 GC heap after
Heap after GC invocations=331 (full 139):
 PSYoungGen      total 492032K, used 3253K [0x00000000d5f00000, 0x00000000f5180000, 0x0000000100000000)
  eden space 475648K, 0% used [0x00000000d5f00000,0x00000000d5f00000,0x00000000f2f80000)
  from space 16384K, 19% used [0x00000000f4180000,0x00000000f44ad7b0,0x00000000f5180000)
  to   space 17408K, 0% used [0x00000000f2f80000,0x00000000f2f80000,0x00000000f4080000)
 ParOldGen       total 116736K, used 82221K [0x0000000081c00000, 0x0000000088e00000, 0x00000000d5f00000)
  object space 116736K, 70% used [0x0000000081c00000,0x0000000086c4b628,0x0000000088e00000)
 Metaspace       used 100654K, capacity 102336K, committed 102656K, reserved 1134592K
  class space    used 16784K, capacity 17290K, committed 17408K, reserved 1048576K
}
Event: 4166.206 GC heap before
{Heap before GC invocations=332 (full 140):
 PSYoungGen      total 492032K, used 3253K [0x00000000d5f00000, 0x00000000f5180000, 0x0000000100000000)
  eden space 475648K, 0% used [0x00000000d5f00000,0x00000000d5f00000,0x00000000f2f80000)
  from space 16384K, 19% used [0x00000000f4180000,0x00000000f44ad7b0,0x00000000f5180000)
  to   space 17408K, 0% used [0x00000000f2f80000,0x00000000f2f80000,0x00000000f4080000)
 ParOldGen       total 116736K, used 82221K [0x0000000081c00000, 0x0000000088e00000, 0x00000000d5f00000)
  object space 116736K, 70% used [0x0000000081c00000,0x0000000086c4b628,0x0000000088e00000)
 Metaspace       used 100654K, capacity 102336K, committed 102656K, reserved 1134592K
  class space    used 16784K, capacity 17290K, committed 17408K, reserved 1048576K
Event: 4166.374 GC heap after
Heap after GC invocations=332 (full 140):
 PSYoungGen      total 492032K, used 0K [0x00000000d5f00000, 0x00000000f5180000, 0x0000000100000000)
  eden space 475648K, 0% used [0x00000000d5f00000,0x00000000d5f00000,0x00000000f2f80000)
  from space 16384K, 0% used [0x00000000f4180000,0x00000000f4180000,0x00000000f5180000)
  to   space 17408K, 0% used [0x00000000f2f80000,0x00000000f2f80000,0x00000000f4080000)
 ParOldGen       total 116736K, used 85088K [0x0000000081c00000, 0x0000000088e00000, 0x00000000d5f00000)
  object space 116736K, 72% used [0x0000000081c00000,0x0000000086f180c0,0x0000000088e00000)
 Metaspace       used 100654K, capacity 102336K, committed 102656K, reserved 1134592K
  class space    used 16784K, capacity 17290K, committed 17408K, reserved 1048576K
}
Event: 4166.453 GC heap before
{Heap before GC invocations=333 (full 140):
 PSYoungGen      total 492032K, used 1421K [0x00000000d5f00000, 0x00000000f5180000, 0x0000000100000000)
  eden space 475648K, 0% used [0x00000000d5f00000,0x00000000d6063508,0x00000000f2f80000)
  from space 16384K, 0% used [0x00000000f4180000,0x00000000f4180000,0x00000000f5180000)
  to   space 17408K, 0% used [0x00000000f2f80000,0x00000000f2f80000,0x00000000f4080000)
 ParOldGen       total 116736K, used 85088K [0x0000000081c00000, 0x0000000088e00000, 0x00000000d5f00000)
  object space 116736K, 72% used [0x0000000081c00000,0x0000000086f180c0,0x0000000088e00000)
 Metaspace       used 100654K, capacity 102336K, committed 102656K, reserved 1134592K
  class space    used 16784K, capacity 17290K, committed 17408K, reserved 1048576K
Event: 4166.457 GC heap after
Heap after GC invocations=333 (full 140):
 PSYoungGen      total 476160K, used 96K [0x00000000d5f00000, 0x00000000f5080000, 0x0000000100000000)
  eden space 475648K, 0% used [0x00000000d5f00000,0x00000000d5f00000,0x00000000f2f80000)
  from space 512K, 18% used [0x00000000f2f80000,0x00000000f2f98000,0x00000000f3000000)
  to   space 16896K, 0% used [0x00000000f4000000,0x00000000f4000000,0x00000000f5080000)
 ParOldGen       total 116736K, used 85088K [0x0000000081c00000, 0x0000000088e00000, 0x00000000d5f00000)
  object space 116736K, 72% used [0x0000000081c00000,0x0000000086f180c0,0x0000000088e00000)
 Metaspace       used 100654K, capacity 102336K, committed 102656K, reserved 1134592K
  class space    used 16784K, capacity 17290K, committed 17408K, reserved 1048576K
}
Event: 4166.457 GC heap before
{Heap before GC invocations=334 (full 141):
 PSYoungGen      total 476160K, used 96K [0x00000000d5f00000, 0x00000000f5080000, 0x0000000100000000)
  eden space 475648K, 0% used [0x00000000d5f00000,0x00000000d5f00000,0x00000000f2f80000)
  from space 512K, 18% used [0x00000000f2f80000,0x00000000f2f98000,0x00000000f3000000)
  to   space 16896K, 0% used [0x00000000f4000000,0x00000000f4000000,0x00000000f5080000)
 ParOldGen       total 116736K, used 85088K [0x0000000081c00000, 0x0000000088e00000, 0x00000000d5f00000)
  object space 116736K, 72% used [0x0000000081c00000,0x0000000086f180c0,0x0000000088e00000)
 Metaspace       used 100654K, capacity 102336K, committed 102656K, reserved 1134592K
  class space    used 16784K, capacity 17290K, committed 17408K, reserved 1048576K
Event: 4166.624 GC heap after
Heap after GC invocations=334 (full 141):
 PSYoungGen      total 476160K, used 0K [0x00000000d5f00000, 0x00000000f5080000, 0x0000000100000000)
  eden space 475648K, 0% used [0x00000000d5f00000,0x00000000d5f00000,0x00000000f2f80000)
  from space 512K, 0% used [0x00000000f2f80000,0x00000000f2f80000,0x00000000f3000000)
  to   space 16896K, 0% used [0x00000000f4000000,0x00000000f4000000,0x00000000f5080000)
 ParOldGen       total 116736K, used 82810K [0x0000000081c00000, 0x0000000088e00000, 0x00000000d5f00000)
  object space 116736K, 70% used [0x0000000081c00000,0x0000000086cdebd0,0x0000000088e00000)
 Metaspace       used 100654K, capacity 102336K, committed 102656K, reserved 1134592K
  class space    used 16784K, capacity 17290K, committed 17408K, reserved 1048576K
}

